2025-05-30 14:22:31,674 - FirebaseLoader - INFO - ==================================================
2025-05-30 14:22:31,674 - FirebaseLoader - INFO - Запуск загрузчика данных в Firebase
2025-05-30 14:22:31,674 - FirebaseLoader - INFO - Время запуска: 2025-05-30 14:22:31
2025-05-30 14:22:31,676 - FirebaseLoader - INFO - Переменные окружения успешно загружены
2025-05-30 14:22:31,676 - FirebaseLoader - ERROR - Ошибка инициализации Firebase: 'NoneType' object has no attribute 'replace'
2025-05-30 14:25:30,510 - FirebaseLoader - INFO - ==================================================
2025-05-30 14:25:30,511 - FirebaseLoader - INFO - Запуск загрузчика данных в Firebase
2025-05-30 14:25:30,512 - FirebaseLoader - INFO - Время запуска: 2025-05-30 14:25:30
2025-05-30 14:25:30,513 - FirebaseLoader - INFO - Переменные окружения успешно загружены
2025-05-30 14:25:30,513 - FirebaseLoader - INFO - Firebase успешно инициализирован с использованием конфигурации клиента
2025-05-30 14:25:30,515 - FirebaseLoader - INFO - Успешно загружено 872 записей из файла
2025-05-30 14:25:30,515 - FirebaseLoader - INFO - Начало загрузки данных в Firestore...
2025-05-30 14:25:33,489 - FirebaseLoader - ERROR - Критическая ошибка при загрузке в Firestore: Your default credentials were not found. To set up Application Default Credentials, see https://cloud.google.com/docs/authentication/external/set-up-adc for more information.
2025-05-30 14:25:33,489 - FirebaseLoader - INFO - ==================================================
2025-05-30 14:25:33,489 - FirebaseLoader - INFO - Работа загрузчика завершена
2025-05-30 14:25:33,489 - FirebaseLoader - INFO - Всего загружено записей: 0
2025-05-30 14:47:07,527 - FirebaseLoader - INFO - ==================================================
2025-05-30 14:47:07,527 - FirebaseLoader - INFO - Запуск загрузчика данных в Firebase
2025-05-30 14:47:07,527 - FirebaseLoader - INFO - Время запуска: 2025-05-30 14:47:07
2025-05-30 14:47:07,528 - FirebaseLoader - INFO - Переменные окружения успешно загружены
2025-05-30 14:47:07,528 - FirebaseLoader - ERROR - Переменная окружения FIREBASE_SERVICE_ACCOUNT не найдена
2025-05-30 14:48:54,208 - FirebaseLoader - INFO - ==================================================
2025-05-30 14:48:54,208 - FirebaseLoader - INFO - Запуск загрузчика данных в Firebase
2025-05-30 14:48:54,208 - FirebaseLoader - INFO - Время запуска: 2025-05-30 14:48:54
2025-05-30 14:48:54,210 - FirebaseLoader - INFO - Переменные окружения успешно загружены
2025-05-30 14:48:54,211 - FirebaseLoader - ERROR - Не удалось найти FIREBASE_SERVICE_ACCOUNT в .env файле
2025-05-30 14:51:41,858 - FirebaseLoader - INFO - ==================================================
2025-05-30 14:51:41,859 - FirebaseLoader - INFO - Запуск загрузчика данных в Firebase
2025-05-30 14:51:41,859 - FirebaseLoader - INFO - Время запуска: 2025-05-30 14:51:41
2025-05-30 14:51:41,861 - FirebaseLoader - INFO - Переменные окружения успешно загружены
2025-05-30 14:51:41,861 - FirebaseLoader - ERROR - Не удалось найти FIREBASE_SERVICE_ACCOUNT в .env файле
2025-05-30 15:03:40,513 - FirebaseLoader - INFO - ==================================================
2025-05-30 15:03:40,514 - FirebaseLoader - INFO - Запуск загрузчика данных в Firebase
2025-05-30 15:03:40,514 - FirebaseLoader - INFO - Время запуска: 2025-05-30 15:03:40
2025-05-30 15:03:40,518 - FirebaseLoader - INFO - Переменные окружения успешно загружены
2025-05-30 15:03:40,518 - FirebaseLoader - ERROR - Не удалось найти FIREBASE_SERVICE_ACCOUNT в .env файле
2025-05-30 15:06:41,154 - FirebaseLoader - INFO - ==================================================
2025-05-30 15:06:41,154 - FirebaseLoader - INFO - Запуск загрузчика данных в Firebase
2025-05-30 15:06:41,155 - FirebaseLoader - INFO - Время запуска: 2025-05-30 15:06:41
2025-05-30 15:06:41,156 - FirebaseLoader - INFO - Переменные окружения успешно загружены
2025-05-30 15:06:41,156 - FirebaseLoader - INFO - Учетные данные Firebase успешно загружены
2025-05-30 15:06:41,188 - FirebaseLoader - INFO - Firebase успешно инициализирован с использованием сервисного аккаунта
2025-05-30 15:06:41,196 - FirebaseLoader - INFO - Успешно загружено 872 записей из файла
2025-05-30 15:06:41,196 - FirebaseLoader - INFO - Начало загрузки данных в Firestore...
2025-05-30 15:06:43,099 - FirebaseLoader - INFO - Загружено 100/872 документов
2025-05-30 15:06:43,641 - FirebaseLoader - INFO - Загружено 200/872 документов
2025-05-30 15:06:44,133 - FirebaseLoader - INFO - Загружено 300/872 документов
2025-05-30 15:06:44,523 - FirebaseLoader - INFO - Загружено 400/872 документов
2025-05-30 15:06:44,976 - FirebaseLoader - INFO - Загружено 500/872 документов
2025-05-30 15:06:45,464 - FirebaseLoader - INFO - Загружено 600/872 документов
2025-05-30 15:06:46,991 - FirebaseLoader - INFO - Загружено 700/872 документов
2025-05-30 15:06:47,435 - FirebaseLoader - INFO - Загружено 800/872 документов
2025-05-30 15:06:47,920 - FirebaseLoader - INFO - Загружено 872/872 документов
2025-05-30 15:06:47,920 - FirebaseLoader - INFO - Загрузка завершена. Успешно загружено 872 из 872 документов
2025-05-30 15:06:47,921 - FirebaseLoader - INFO - ==================================================
2025-05-30 15:06:47,921 - FirebaseLoader - INFO - Работа загрузчика завершена
2025-05-30 15:06:47,921 - FirebaseLoader - INFO - Всего загружено записей: 872
